Arguments: 
  C:\Program Files\nodejs\node.exe C:\Program Files (x86)\Yarn\bin\yarn.js

PATH: 
  C:\Python27\;C:\Python27\Scripts;C:\Windows\system32;C:\Windows;C:\Windows\System32\Wbem;C:\Windows\System32\WindowsPowerShell\v1.0\;C:\Windows\System32\OpenSSH\;C:\Program Files (x86)\ATI Technologies\ATI.ACE\Core-Static;C:\ProgramData\chocolatey\bin;C:\Program Files\nodejs\;C:\Program Files (x86)\Yarn\bin\;C:\Program Files\Git\cmd;C:\Program Files\Java\jdk1.8.0_211\bin;C:\Android\Sdk\platform-tools;C:\Android\Sdk\tools;%USERPROFILE%\AppData\Local\Microsoft\WindowsApps;;C:\Users\alois\AppData\Local\Programs\Microsoft VS Code\bin;C:\Users\alois\AppData\Roaming\npm;C:\Users\alois\AppData\Local\Yarn\bin;C:\Users\alois\AppData\Local\hyper\app-3.0.2\resources\bin

Yarn version: 
  1.22.0

Node version: 
  12.16.2

Platform: 
  win32 x64

Trace: 
  SyntaxError: C:\Users\alois\Documents\FastFeet\server\package.json: Unexpected token } in JSON at position 574
      at JSON.parse (<anonymous>)
      at C:\Program Files (x86)\Yarn\lib\cli.js:1625:59
      at Generator.next (<anonymous>)
      at step (C:\Program Files (x86)\Yarn\lib\cli.js:310:30)
      at C:\Program Files (x86)\Yarn\lib\cli.js:321:13

npm manifest: 
  {
    "name": "server",
    "version": "1.0.0",
    "main": "index.js",
    "license": "MIT",
    "scripts": {
      "build": "tsc",
      "dev:server": "ts-node-dev --inspect --transpileOnly --ignore-watch node_modules src/server.ts",
      "start": "ts-node src/server.ts",
      "typeorm": "ts-node-dev ./node_modules/typeorm/cli.js",
      "test": "cross-env NODE_ENV=test jest"
    },
    "dependencies": {
      "@types/csv-parse": "^1.2.2",
      "csv-parse": "^4.8.8",
      "dotenv": "^8.2.0",
      "express": "^4.17.1",
      "express-async-errors": "^3.1.1",
      "reflect-metadata": "^0.1.13",
    },
    "devDependencies": {
      "@types/express": "4.17.3",
      "@types/express-serve-static-core": "4.17.2",
      "@types/supertest": "^2.0.8",
      "@typescript-eslint/eslint-plugin": "^2.27.0",
      "@typescript-eslint/parser": "^2.27.0",
      "cross-env": "^7.0.2",
      "eslint": "^6.8.0",
      "eslint-config-airbnb-base": "^14.1.0",
      "eslint-config-prettier": "^6.10.1",
      "eslint-import-resolver-typescript": "^2.0.0",
      "eslint-plugin-import": "^2.20.1",
      "eslint-plugin-prettier": "^3.1.2",
      "prettier": "^2.0.4",
      "supertest": "^4.0.2",
      "ts-jest": "^25.3.1",
      "ts-node": "3.3.0",
      "ts-node-dev": "^1.0.0-pre.44",
      "typescript": "^3.8.3"
    }
  }

yarn manifest: 
  No manifest

Lockfile: 
  No lockfile
